<?xml version="1.0" encoding="UTF-8"?>
<testng-results ignored="0" total="1" passed="1" failed="0" skipped="0">
  <reporter-output>
  </reporter-output>
  <suite started-at="2023-01-13T16:38:59 EET" name="Default suite" finished-at="2023-01-13T16:39:05 EET" duration-ms="5796">
    <groups>
    </groups>
    <test started-at="2023-01-13T16:38:59 EET" name="Default test" finished-at="2023-01-13T16:39:05 EET" duration-ms="5796">
      <class name="test.AppiumDriver">
        <test-method signature="myFirstTest()[pri:0, instance:test.AppiumDriver@6e171cd7]" started-at="2023-01-13T16:38:59 EET" name="myFirstTest" finished-at="2023-01-13T16:39:05 EET" duration-ms="5778" status="PASS">
          <reporter-output>
          </reporter-output>
        </test-method> <!-- myFirstTest -->
      </class> <!-- test.AppiumDriver -->
    </test> <!-- Default test -->
  </suite> <!-- Default suite -->
</testng-results>
